Still can not install /data/hieuvd/lvdthieu/repos/tmp-projects/apache_incubator-kie-optaplanner/incubator-kie-optaplanner/pom.xml
Installed /data/hieuvd/lvdthieu/repos/tmp-projects/eirslett_frontend-maven-plugin/frontend-maven-plugin/pom.xml
Installed /data/hieuvd/lvdthieu/repos/tmp-projects/LibrePDF_OpenPDF/OpenPDF/pom.xml
Still can not install /data/hieuvd/lvdthieu/repos/tmp-projects/spring-cloud_spring-cloud-kubernetes/spring-cloud-kubernetes/pom.xml
Installed /data/hieuvd/lvdthieu/repos/tmp-projects/zxing_zxing/zxing/pom.xml
Installed /data/hieuvd/lvdthieu/repos/tmp-projects/modelmapper_modelmapper/modelmapper/pom.xml
Still can not install /data/hieuvd/lvdthieu/repos/tmp-projects/lealone_Lealone/Lealone/pom.xml
Still can not install /data/hieuvd/lvdthieu/repos/tmp-projects/bucket4j_bucket4j/bucket4j/pom.xml
Installed /data/hieuvd/lvdthieu/repos/tmp-projects/graphhopper_graphhopper/graphhopper/pom.xml
Still can not install /data/hieuvd/lvdthieu/repos/tmp-projects/prometheus_jmx_exporter/jmx_exporter/pom.xml
Installed /data/hieuvd/lvdthieu/repos/tmp-projects/orientechnologies_orientdb/orientdb/pom.xml
Still can not install /data/hieuvd/lvdthieu/repos/tmp-projects/gephi_gephi/gephi/pom.xml
Installed /data/hieuvd/lvdthieu/repos/tmp-projects/socketio_socket.io-client-java/socket.io-client-java/pom.xml
Installed /data/hieuvd/lvdthieu/repos/tmp-projects/docker-java_docker-java/docker-java/pom.xml
Still can not install /data/hieuvd/lvdthieu/repos/tmp-projects/FasterXML_jackson-core/jackson-core/pom.xml
Installed /data/hieuvd/lvdthieu/repos/tmp-projects/google_jimfs/jimfs/pom.xml
Still can not install /data/hieuvd/lvdthieu/repos/tmp-projects/HdrHistogram_HdrHistogram/HdrHistogram/pom.xml
Still can not install /data/hieuvd/lvdthieu/repos/tmp-projects/OpenHFT_Chronicle-Map/Chronicle-Map/pom.xml
Still can not install /data/hieuvd/lvdthieu/repos/tmp-projects/vsch_flexmark-java/flexmark-java/pom.xml
Still can not install /data/hieuvd/lvdthieu/repos/tmp-projects/crate_crate/crate/pom.xml
Installed /data/hieuvd/lvdthieu/repos/tmp-projects/noear_solon/solon/pom.xml
Installed /data/hieuvd/lvdthieu/repos/tmp-projects/oshi_oshi/oshi/pom.xml
Installed /data/hieuvd/lvdthieu/repos/tmp-projects/alibaba_jetcache/jetcache/pom.xml
Installed /data/hieuvd/lvdthieu/repos/tmp-projects/internetarchive_heritrix3/heritrix3/pom.xml
Installed /data/hieuvd/lvdthieu/repos/tmp-projects/lilishop_lilishop/lilishop/pom.xml
Installed /data/hieuvd/lvdthieu/repos/tmp-projects/springdoc_springdoc-openapi/springdoc-openapi/pom.xml
Installed /data/hieuvd/lvdthieu/repos/tmp-projects/casbin_jcasbin/jcasbin/pom.xml
Installed /data/hieuvd/lvdthieu/repos/tmp-projects/google_google-java-format/google-java-format/pom.xml
Installed /data/hieuvd/lvdthieu/repos/tmp-projects/SonicCloudOrg_sonic-server/sonic-server/pom.xml
Still can not install /data/hieuvd/lvdthieu/repos/tmp-projects/fabric8io_kubernetes-client/kubernetes-client/pom.xml
Installed /data/hieuvd/lvdthieu/repos/tmp-projects/google_truth/truth/pom.xml
Still can not install /data/hieuvd/lvdthieu/repos/tmp-projects/prometheus_client_java/client_java/pom.xml
Installed /data/hieuvd/lvdthieu/repos/tmp-projects/sqshq_piggymetrics/piggymetrics/pom.xml
Still can not install /data/hieuvd/lvdthieu/repos/tmp-projects/apache_ignite/ignite/pom.xml
Installed /data/hieuvd/lvdthieu/repos/tmp-projects/pmd_pmd/pmd/pom.xml
Installed /data/hieuvd/lvdthieu/repos/tmp-projects/javamelody_javamelody/javamelody/pom.xml
Installed /data/hieuvd/lvdthieu/repos/tmp-projects/alibaba_fastjson2/fastjson2/pom.xml
Still can not install /data/hieuvd/lvdthieu/repos/tmp-projects/j-easy_easy-rules/easy-rules/pom.xml
Installed /data/hieuvd/lvdthieu/repos/tmp-projects/languagetool-org_languagetool/languagetool/pom.xml
Installed /data/hieuvd/lvdthieu/repos/tmp-projects/Nepxion_Discovery/Discovery/pom.xml
Still can not install /data/hieuvd/lvdthieu/repos/tmp-projects/jetlinks_jetlinks-community/jetlinks-community/pom.xml
Installed /data/hieuvd/lvdthieu/repos/tmp-projects/YunaiV_ruoyi-vue-pro/ruoyi-vue-pro/pom.xml
Installed /data/hieuvd/lvdthieu/repos/tmp-projects/failsafe-lib_failsafe/failsafe/pom.xml
Installed /data/hieuvd/lvdthieu/repos/tmp-projects/sannies_mp4parser/mp4parser/pom.xml
Installed /data/hieuvd/lvdthieu/repos/tmp-projects/yangzongzhuan_RuoYi-Vue/RuoYi-Vue/pom.xml
Still can not install /data/hieuvd/lvdthieu/repos/tmp-projects/oracle_opengrok/opengrok/pom.xml
Still can not install /data/hieuvd/lvdthieu/repos/tmp-projects/weibocom_motan/motan/pom.xml
Still can not install /data/hieuvd/lvdthieu/repos/tmp-projects/spring-projects_spring-batch/spring-batch/pom.xml
Installed /data/hieuvd/lvdthieu/repos/tmp-projects/igniterealtime_Openfire/Openfire/pom.xml
Still can not install /data/hieuvd/lvdthieu/repos/tmp-projects/dromara_dynamic-tp/dynamic-tp/pom.xml
Still can not install /data/hieuvd/lvdthieu/repos/tmp-projects/dromara_liteflow/liteflow/pom.xml
Still can not install /data/hieuvd/lvdthieu/repos/tmp-projects/sohutv_cachecloud/cachecloud/pom.xml
Installed /data/hieuvd/lvdthieu/repos/tmp-projects/apache_pdfbox/pdfbox/pom.xml
Installed /data/hieuvd/lvdthieu/repos/tmp-projects/baomidou_mybatis-plus-samples/mybatis-plus-samples/pom.xml
Installed /data/hieuvd/lvdthieu/repos/tmp-projects/kekingcn_kkFileView/kkFileView/pom.xml
Installed /data/hieuvd/lvdthieu/repos/tmp-projects/oddfar_campus-imaotai/campus-imaotai/pom.xml
Still can not install /data/hieuvd/lvdthieu/repos/tmp-projects/macrozheng_mall/mall/pom.xml
Installed /data/hieuvd/lvdthieu/repos/tmp-projects/networknt_light-4j/light-4j/pom.xml
Still can not install /data/hieuvd/lvdthieu/repos/tmp-projects/spring-io_start.spring.io/start.spring.io/pom.xml
Installed /data/hieuvd/lvdthieu/repos/tmp-projects/zeromq_jeromq/jeromq/pom.xml
Still can not install /data/hieuvd/lvdthieu/repos/tmp-projects/pf4j_pf4j/pf4j/pom.xml
Installed /data/hieuvd/lvdthieu/repos/tmp-projects/lets-blade_blade/blade/pom.xml
Installed /data/hieuvd/lvdthieu/repos/tmp-projects/Kong_unirest-java/unirest-java/pom.xml
Still can not install /data/hieuvd/lvdthieu/repos/tmp-projects/DeemOpen_zkui/zkui/pom.xml
Installed /data/hieuvd/lvdthieu/repos/tmp-projects/commonmark_commonmark-java/commonmark-java/pom.xml
Installed /data/hieuvd/lvdthieu/repos/tmp-projects/AsyncHttpClient_async-http-client/async-http-client/pom.xml
